[2019-09-05 16:31:45][DEBUG][INFO] : [190]
[2019-09-05 16:31:45][DEBUG][INFO] : [1-UPDATE ln_product_skus set stock=stock-1 WHERE id='22' AND stock>='1']
[2019-09-05 16:31:45][DEBUG][INFO] : [189]
[2019-09-05 16:31:45][DEBUG][INFO] : [1-UPDATE ln_product_skus set stock=stock-1 WHERE id='22' AND stock>='1']
[2019-09-05 16:31:45][DEBUG][INFO] : [188]
[2019-09-05 16:31:45][DEBUG][INFO] : [1-UPDATE ln_product_skus set stock=stock-1 WHERE id='22' AND stock>='1']
[2019-09-05 16:31:45][DEBUG][INFO] : []
[2019-09-05 16:31:45][DEBUG][INFO] : []
[2019-09-05 16:31:45][DEBUG][INFO] : []
[2019-09-05 16:31:45][DEBUG][INFO] : []
[2019-09-05 16:31:45][DEBUG][INFO] : []
[2019-09-05 16:31:45][DEBUG][INFO] : []
[2019-09-05 16:31:45][DEBUG][INFO] : []
[2019-09-05 16:31:45][DEBUG][INFO] : []
[2019-09-05 16:31:45][DEBUG][INFO] : []
[2019-09-05 16:31:45][DEBUG][INFO] : []
[2019-09-05 16:31:45][DEBUG][INFO] : []
[2019-09-05 16:31:45][DEBUG][INFO] : []
[2019-09-05 16:31:45][DEBUG][INFO] : []
[2019-09-05 16:31:45][DEBUG][INFO] : []
[2019-09-05 16:31:45][DEBUG][INFO] : []
[2019-09-05 16:31:45][DEBUG][INFO] : []
[2019-09-05 16:31:45][DEBUG][INFO] : []
[2019-09-05 16:31:45][DEBUG][INFO] : []
[2019-09-05 16:31:45][DEBUG][INFO] : []
[2019-09-05 16:31:45][DEBUG][INFO] : []
[2019-09-05 16:31:45][DEBUG][INFO] : []
[2019-09-05 16:31:45][DEBUG][INFO] : []
[2019-09-05 16:31:45][DEBUG][INFO] : []
[2019-09-05 16:31:45][DEBUG][INFO] : []
[2019-09-05 16:31:45][DEBUG][INFO] : []
[2019-09-05 16:31:45][DEBUG][INFO] : []
[2019-09-05 16:31:45][DEBUG][INFO] : []
[2019-09-05 16:31:45][DEBUG][INFO] : [187]
[2019-09-05 16:31:45][DEBUG][INFO] : []
[2019-09-05 16:31:45][DEBUG][INFO] : []
[2019-09-05 16:31:45][DEBUG][INFO] : [1-UPDATE ln_product_skus set stock=stock-1 WHERE id='22' AND stock>='1']
[2019-09-05 16:31:45][DEBUG][INFO] : []
[2019-09-05 16:31:45][DEBUG][INFO] : []
[2019-09-05 16:31:45][DEBUG][INFO] : []
[2019-09-05 16:31:45][DEBUG][INFO] : []
[2019-09-05 16:31:45][DEBUG][INFO] : []
[2019-09-05 16:31:45][DEBUG][INFO] : []
[2019-09-05 16:31:45][DEBUG][INFO] : []
[2019-09-05 16:31:45][DEBUG][INFO] : []
[2019-09-05 16:31:45][DEBUG][INFO] : []
[2019-09-05 16:31:45][DEBUG][INFO] : []
[2019-09-05 16:31:45][DEBUG][INFO] : []
[2019-09-05 16:31:45][DEBUG][INFO] : [186]
[2019-09-05 16:31:45][DEBUG][INFO] : []
[2019-09-05 16:31:45][DEBUG][INFO] : []
[2019-09-05 16:31:45][DEBUG][INFO] : []
[2019-09-05 16:31:45][DEBUG][INFO] : []
[2019-09-05 16:31:45][DEBUG][INFO] : []
[2019-09-05 16:31:45][DEBUG][INFO] : [1-UPDATE ln_product_skus set stock=stock-1 WHERE id='22' AND stock>='1']
[2019-09-05 16:31:45][DEBUG][INFO] : []
[2019-09-05 16:31:45][DEBUG][INFO] : []
[2019-09-05 16:31:45][DEBUG][INFO] : []
[2019-09-05 16:31:45][DEBUG][INFO] : []
[2019-09-05 16:31:45][DEBUG][INFO] : []
[2019-09-05 16:31:45][DEBUG][INFO] : []
[2019-09-05 16:31:45][DEBUG][INFO] : []
[2019-09-05 16:31:45][DEBUG][INFO] : []
[2019-09-05 16:31:45][DEBUG][INFO] : []
[2019-09-05 16:31:45][DEBUG][INFO] : []
[2019-09-05 16:31:45][DEBUG][INFO] : []
[2019-09-05 16:31:45][DEBUG][INFO] : []
[2019-09-05 16:31:45][DEBUG][INFO] : []
[2019-09-05 16:31:45][DEBUG][INFO] : []
[2019-09-05 16:31:45][DEBUG][INFO] : []
[2019-09-05 16:31:45][DEBUG][INFO] : []
[2019-09-05 16:31:45][DEBUG][INFO] : []
[2019-09-05 16:31:45][DEBUG][INFO] : []
[2019-09-05 16:31:45][DEBUG][INFO] : []
[2019-09-05 16:31:45][DEBUG][INFO] : []
[2019-09-05 16:31:45][DEBUG][INFO] : []
[2019-09-05 16:31:45][DEBUG][INFO] : []
[2019-09-05 16:31:45][DEBUG][INFO] : []
[2019-09-05 16:31:45][DEBUG][INFO] : []
[2019-09-05 16:31:45][DEBUG][INFO] : []
[2019-09-05 16:31:45][DEBUG][INFO] : []
[2019-09-05 16:31:45][DEBUG][INFO] : []
5]
[2019-09-05 16:31:45][DEBUG][INFO] : []
[2019-09-05 16:31:45][DEBUG][INFO] : [1-UPDATE ln_product_skus set stock=stock-1 WHERE id='22' AND stock>='1']
[2019-09-05 16:31:45][DEBUG][INFO] : []
[2019-09-05 16:31:45][DEBUG][INFO] : []
[2019-09-05 16:31:45][DEBUG][INFO] : []
[2019-09-05 16:31:45][DEBUG][INFO] : []
[2019-09-05 16:31:45][DEBUG][INFO] : []
[2019-09-05 16:31:45][DEBUG][INFO] : []
[2019-09-05 16:31:45][DEBUG][INFO] : []
[2019-09-05 16:31:45][DEBUG][INFO] : []
[2019-09-05 16:31:45][DEBUG][INFO] : []
[2019-09-05 16:31:45][DEBUG][INFO] : []
[2019-09-05 16:31:45][DEBUG][INFO] : []
[2019-09-05 16:31:45][DEBUG][INFO] : []
[2019-09-05 16:31:45][DEBUG][INFO] : []
[2019-09-05 16:31:45][DEBUG][INFO] : []
[2019-09-05 16:31:45][DEBUG][INFO] : []
[2019-09-05 16:31:45][DEBUG][INFO] : []
[2019-09-05 16:31:45][DEBUG][INFO] : []
[2019-09-05 16:31:45][DEBUG][INFO] : []
[2019-09-05 16:31:45][DEBUG][INFO] : []
[2019-09-05 16:31:45][DEBUG][INFO] : []
[2019-09-05 16:31:45][DEBUG][INFO] : []
[2019-09-05 16:31:45][DEBUG][INFO] : []
[2019-09-05 16:31:45][DEBUG][INFO] : []
[2019-09-05 16:31:45][DEBUG][INFO] : []
[2019-09-05 16:31:45][DEBUG][INFO] : []
[2019-09-05 16:31:45][DEBUG][INFO] : []
[2019-09-05 16:31:45][DEBUG][INFO] : []
[2019-09-05 16:31:45][DEBUG][INFO] : []
[2019-09-05 16:31:45][DEBUG][INFO] : []
[2019-09-05 16:31:45][DEBUG][INFO] : []
[2019-09-05 16:31:46][DEBUG][INFO] : []
[2019-09-05 16:31:46][DEBUG][INFO] : []
[2019-09-05 16:31:46][DEBUG][INFO] : []
[2019-09-05 16:31:46][DEBUG][INFO] : []
[2019-09-05 16:31:46][DEBUG][INFO] : [184]
[2019-09-05 16:31:46][DEBUG][INFO] : []
UPDATE ln_product_skus set stock=stock-1 WHERE id='22' AND stock>='1']
[2019-09-05 16:31:46][DEBUG][INFO] : []
[2019-09-05 16:31:46][DEBUG][INFO] : []
[2019-09-05 16:31:46][DEBUG][INFO] : []
[2019-09-05 16:31:46][DEBUG][INFO] : []
[2019-09-05 16:31:46][DEBUG][INFO] : []
[2019-09-05 16:31:46][DEBUG][INFO] : []
[2019-09-05 16:31:46][DEBUG][INFO] : []
[2019-09-05 16:31:46][DEBUG][INFO] : []
[2019-09-05 16:31:46][DEBUG][INFO] : []
[2019-09-05 16:31:46][DEBUG][INFO] : []
[2019-09-05 16:31:46][DEBUG][INFO] : []
[2019-09-05 16:31:46][DEBUG][INFO] : []
[2019-09-05 16:31:46][DEBUG][INFO] : []
[2019-09-05 16:31:46][DEBUG][INFO] : []
[2019-09-05 16:31:46][DEBUG][INFO] : []
[2019-09-05 16:31:46][DEBUG][INFO] : []
[2019-09-05 16:31:46][DEBUG][INFO] : []
[2019-09-05 16:31:46][DEBUG][INFO] : []
[2019-09-05 16:31:46][DEBUG][INFO] : []
[2019-09-05 16:31:46][DEBUG][INFO] : []
[2019-09-05 16:31:46][DEBUG][INFO] : []
[2019-09-05 16:31:46][DEBUG][INFO] : []
[2019-09-05 16:31:46][DEBUG][INFO] : []
[2019-09-05 16:31:46][DEBUG][INFO] : []
[2019-09-05 16:31:46][DEBUG][INFO] : []
[2019-09-05 16:31:46][DEBUG][INFO] : []
[2019-09-05 16:31:46][DEBUG][INFO] : []
[2019-09-05 16:31:46][DEBUG][INFO] : []
[2019-09-05 16:31:46][DEBUG][INFO] : []
[2019-09-05 16:31:46][DEBUG][INFO] : []
[2019-09-05 16:31:46][DEBUG][INFO] : []
[2019-09-05 16:31:46][DEBUG][INFO] : []
[2019-09-05 16:31:46][DEBUG][INFO] : []
[2019-09-05 16:31:46][DEBUG][INFO] : []
[2019-09-05 16:31:46][DEBUG][INFO] : []
[2019-09-05 16:31:46][DEBUG][INFO] : []
[2019-09-05 16:31:46][DEBUG][INFO] : []
[2019-09-05 16:31:46][DEBUG][INFO] : []
[2019-09-05 16:31:46][DEBUG][INFO] : []
[2019-09-05 16:31:46][DEBUG][INFO] : []
[2019-09-05 16:31:46][DEBUG][INFO] : []
[2019-09-05 16:31:46][DEBUG][INFO] : []
[2019-09-05 16:31:46][DEBUG][INFO] : []
[2019-09-05 16:31:46][DEBUG][INFO] : []
[2019-09-05 16:31:46][DEBUG][INFO] : []
[2019-09-05 16:31:46][DEBUG][INFO] : []
[2019-09-05 16:31:46][DEBUG][INFO] : [183]
[2019-09-05 16:31:46][DEBUG][INFO] : []
[2019-09-05 16:31:46][DEBUG][INFO] : []
[2019-09-05 16:31:46][DEBUG][INFO] : []
UPDATE ln_product_skus set stock=stock-1 WHERE id='22' AND stock>='1']
[2019-09-05 16:31:46][DEBUG][INFO] : []
[2019-09-05 16:31:46][DEBUG][INFO] : []
[2019-09-05 16:31:46][DEBUG][INFO] : []
[2019-09-05 16:31:46][DEBUG][INFO] : []
[2019-09-05 16:31:46][DEBUG][INFO] : []
[2019-09-05 16:31:46][DEBUG][INFO] : []
[2019-09-05 16:31:46][DEBUG][INFO] : []
[2019-09-05 16:31:46][DEBUG][INFO] : []
[2019-09-05 16:31:46][DEBUG][INFO] : []
[2019-09-05 16:31:46][DEBUG][INFO] : []
[2019-09-05 16:31:46][DEBUG][INFO] : []
[2019-09-05 16:31:46][DEBUG][INFO] : []
[2019-09-05 16:31:46][DEBUG][INFO] : []
[2019-09-05 16:31:46][DEBUG][INFO] : []
[2019-09-05 16:31:46][DEBUG][INFO] : []
[2019-09-05 16:31:46][DEBUG][INFO] : [182]
[2019-09-05 16:31:46][DEBUG][INFO] : []
UPDATE ln_product_skus set stock=stock-1 WHERE id='22' AND stock>='1']
[2019-09-05 16:31:46][DEBUG][INFO] : []
[2019-09-05 16:31:46][DEBUG][INFO] : []
[2019-09-05 16:31:46][DEBUG][INFO] : []
[2019-09-05 16:31:46][DEBUG][INFO] : []
[2019-09-05 16:31:46][DEBUG][INFO] : []
[2019-09-05 16:31:46][DEBUG][INFO] : []
[2019-09-05 16:31:46][DEBUG][INFO] : []
[2019-09-05 16:31:46][DEBUG][INFO] : []
[2019-09-05 16:31:46][DEBUG][INFO] : []
[2019-09-05 16:31:46][DEBUG][INFO] : []
[2019-09-05 16:31:46][DEBUG][INFO] : []
[2019-09-05 16:31:46][DEBUG][INFO] : []
[2019-09-05 16:31:46][DEBUG][INFO] : []
[2019-09-05 16:31:46][DEBUG][INFO] : []
[2019-09-05 16:31:46][DEBUG][INFO] : []
[2019-09-05 16:31:46][DEBUG][INFO] : []
[2019-09-05 16:31:46][DEBUG][INFO] : []
[2019-09-05 16:31:46][DEBUG][INFO] : []
[2019-09-05 16:31:46][DEBUG][INFO] : []
[2019-09-05 16:31:46][DEBUG][INFO] : []
[2019-09-05 16:31:46][DEBUG][INFO] : []
[2019-09-05 16:31:46][DEBUG][INFO] : []
[2019-09-05 16:31:46][DEBUG][INFO] : []
[2019-09-05 16:31:46][DEBUG][INFO] : []
[2019-09-05 16:31:46][DEBUG][INFO] : []
[2019-09-05 16:31:46][DEBUG][INFO] : []
[2019-09-05 16:31:46][DEBUG][INFO] : []
[2019-09-05 16:31:46][DEBUG][INFO] : []
[2019-09-05 16:31:46][DEBUG][INFO] : []
[2019-09-05 16:31:46][DEBUG][INFO] : []
[2019-09-05 16:31:46][DEBUG][INFO] : []
[2019-09-05 16:31:46][DEBUG][INFO] : []
[2019-09-05 16:31:46][DEBUG][INFO] : []
[2019-09-05 16:31:46][DEBUG][INFO] : []
[2019-09-05 16:31:46][DEBUG][INFO] : []
[2019-09-05 16:31:46][DEBUG][INFO] : []
[2019-09-05 16:31:46][DEBUG][INFO] : []
[2019-09-05 16:31:46][DEBUG][INFO] : []
[2019-09-05 16:31:46][DEBUG][INFO] : []
[2019-09-05 16:31:46][DEBUG][INFO] : []
[2019-09-05 16:31:46][DEBUG][INFO] : []
[2019-09-05 16:31:46][DEBUG][INFO] : []
[2019-09-05 16:31:46][DEBUG][INFO] : []
[2019-09-05 16:31:46][DEBUG][INFO] : []
[2019-09-05 16:31:46][DEBUG][INFO] : []
[2019-09-05 16:31:46][DEBUG][INFO] : []
[2019-09-05 16:31:46][DEBUG][INFO] : []
[2019-09-05 16:31:46][DEBUG][INFO] : []
[2019-09-05 16:31:46][DEBUG][INFO] : []
[2019-09-05 16:31:46][DEBUG][INFO] : []
[2019-09-05 16:31:46][DEBUG][INFO] : []
[2019-09-05 16:31:46][DEBUG][INFO] : []
[2019-09-05 16:31:46][DEBUG][INFO] : []
[2019-09-05 16:31:46][DEBUG][INFO] : []
[2019-09-05 16:31:46][DEBUG][INFO] : []
[2019-09-05 16:31:46][DEBUG][INFO] : []
[2019-09-05 16:31:46][DEBUG][INFO] : []
[2019-09-05 16:31:46][DEBUG][INFO] : [181]
[2019-09-05 16:31:46][DEBUG][INFO] : []
[2019-09-05 16:31:46][DEBUG][INFO] : []
[2019-09-05 16:31:46][DEBUG][INFO] : [1-UPDATE ln_product_skus set stock=stock-1 WHERE id='22' AND stock>='1']
[2019-09-05 16:31:46][DEBUG][INFO] : []
[2019-09-05 16:31:46][DEBUG][INFO] : []
[2019-09-05 16:31:46][DEBUG][INFO] : []
[2019-09-05 16:31:46][DEBUG][INFO] : []
[2019-09-05 16:31:46][DEBUG][INFO] : []
[2019-09-05 16:31:46][DEBUG][INFO] : []
[2019-09-05 16:31:46][DEBUG][INFO] : []
[2019-09-05 16:31:46][DEBUG][INFO] : []
[2019-09-05 16:31:46][DEBUG][INFO] : []
[2019-09-05 16:31:46][DEBUG][INFO] : []
[2019-09-05 16:31:46][DEBUG][INFO] : []
[2019-09-05 16:31:46][DEBUG][INFO] : []
[2019-09-05 16:31:46][DEBUG][INFO] : []
[2019-09-05 16:31:46][DEBUG][INFO] : []
[2019-09-05 16:31:46][DEBUG][INFO] : []
[2019-09-05 16:31:46][DEBUG][INFO] : []
[2019-09-05 16:31:46][DEBUG][INFO] : []
[2019-09-05 16:31:46][DEBUG][INFO] : []
[2019-09-05 16:31:46][DEBUG][INFO] : []
[2019-09-05 16:31:46][DEBUG][INFO] : []
[2019-09-05 16:31:46][DEBUG][INFO] : []
[2019-09-05 16:31:46][DEBUG][INFO] : []
[2019-09-05 16:31:46][DEBUG][INFO] : []
[2019-09-05 16:31:46][DEBUG][INFO] : []
[2019-09-05 16:31:46][DEBUG][INFO] : []
[2019-09-05 16:31:46][DEBUG][INFO] : []
[2019-09-05 16:31:46][DEBUG][INFO] : []
[2019-09-05 16:31:46][DEBUG][INFO] : []
[2019-09-05 16:31:46][DEBUG][INFO] : []
[2019-09-05 16:31:46][DEBUG][INFO] : [180]
[2019-09-05 16:31:46][DEBUG][INFO] : []
[2019-09-05 16:31:46][DEBUG][INFO] : []
[2019-09-05 16:31:46][DEBUG][INFO] : []
[2019-09-05 16:31:46][DEBUG][INFO] : []
[2019-09-05 16:31:46][DEBUG][INFO] : [1-UPDATE ln_product_skus set stock=stock-1 WHERE id='22' AND stock>='1']
[2019-09-05 16:31:46][DEBUG][INFO] : []
[2019-09-05 16:31:46][DEBUG][INFO] : []
[2019-09-05 16:31:46][DEBUG][INFO] : []
[2019-09-05 16:31:46][DEBUG][INFO] : []
[2019-09-05 16:31:46][DEBUG][INFO] : []
[2019-09-05 16:31:46][DEBUG][INFO] : []
[2019-09-05 16:31:46][DEBUG][INFO] : []
[2019-09-05 16:31:46][DEBUG][INFO] : []
[2019-09-05 16:31:46][DEBUG][INFO] : []
[2019-09-05 16:31:46][DEBUG][INFO] : []
[2019-09-05 16:31:46][DEBUG][INFO] : []
[2019-09-05 16:31:46][DEBUG][INFO] : []
[2019-09-05 16:31:46][DEBUG][INFO] : []
[2019-09-05 16:31:46][DEBUG][INFO] : []
[2019-09-05 16:31:46][DEBUG][INFO] : []
[2019-09-05 16:31:46][DEBUG][INFO] : []
[2019-09-05 16:31:46][DEBUG][INFO] : []
[2019-09-05 16:31:46][DEBUG][INFO] : []
[2019-09-05 16:31:46][DEBUG][INFO] : []
[2019-09-05 16:31:46][DEBUG][INFO] : []
[2019-09-05 16:31:46][DEBUG][INFO] : []
[2019-09-05 16:31:46][DEBUG][INFO] : []
[2019-09-05 16:31:46][DEBUG][INFO] : []
[2019-09-05 16:31:46][DEBUG][INFO] : []
[2019-09-05 16:31:46][DEBUG][INFO] : []
[2019-09-05 16:31:46][DEBUG][INFO] : []
[2019-09-05 16:31:46][DEBUG][INFO] : []
[2019-09-05 16:31:46][DEBUG][INFO] : []
[2019-09-05 16:31:46][DEBUG][INFO] : []
[2019-09-05 16:31:46][DEBUG][INFO] : []
[2019-09-05 16:31:46][DEBUG][INFO] : []
[2019-09-05 16:31:46][DEBUG][INFO] : []
[2019-09-05 16:31:46][DEBUG][INFO] : []
[2019-09-05 16:31:46][DEBUG][INFO] : []
[2019-09-05 16:31:46][DEBUG][INFO] : []
[2019-09-05 16:31:46][DEBUG][INFO] : []
[2019-09-05 16:31:46][DEBUG][INFO] : []
[2019-09-05 16:31:46][DEBUG][INFO] : []
[2019-09-05 16:31:46][DEBUG][INFO] : []
[2019-09-05 16:31:46][DEBUG][INFO] : []
[2019-09-05 16:31:46][DEBUG][INFO] : []
[2019-09-05 16:31:46][DEBUG][INFO] : []
[2019-09-05 16:31:46][DEBUG][INFO] : []
[2019-09-05 16:31:46][DEBUG][INFO] : []
[2019-09-05 16:31:46][DEBUG][INFO] : []
[2019-09-05 16:31:46][DEBUG][INFO] : []
[2019-09-05 16:31:46][DEBUG][INFO] : []
[2019-09-05 16:31:47][DEBUG][INFO] : [179]
[2019-09-05 16:31:47][DEBUG][INFO] : [1-UPDATE ln_product_skus set stock=stock-1 WHERE id='22' AND stock>='1']
[2019-09-05 16:31:47][DEBUG][INFO] : []
[2019-09-05 16:31:47][DEBUG][INFO] : []
[2019-09-05 16:31:47][DEBUG][INFO] : []
[2019-09-05 16:31:47][DEBUG][INFO] : []
[2019-09-05 16:31:47][DEBUG][INFO] : []
[2019-09-05 16:31:47][DEBUG][INFO] : []
[2019-09-05 16:31:47][DEBUG][INFO] : []
8]
[2019-09-05 16:31:47][DEBUG][INFO] : []
[2019-09-05 16:31:47][DEBUG][INFO] : []
[2019-09-05 16:31:47][DEBUG][INFO] : []
[2019-09-05 16:31:47][DEBUG][INFO] : []
[2019-09-05 16:31:47][DEBUG][INFO] : []
[2019-09-05 16:31:47][DEBUG][INFO] : []
[2019-09-05 16:31:47][DEBUG][INFO] : []
[2019-09-05 16:31:47][DEBUG][INFO] : []
[2019-09-05 16:31:47][DEBUG][INFO] : []
[2019-09-05 16:31:47][DEBUG][INFO] : []
[2019-09-05 16:31:47][DEBUG][INFO] : []
[2019-09-05 16:31:47][DEBUG][INFO] : []
[2019-09-05 16:31:47][DEBUG][INFO] : []
[2019-09-05 16:31:47][DEBUG][INFO] : []
[2019-09-05 16:31:47][DEBUG][INFO] : []
[2019-09-05 16:31:47][DEBUG][INFO] : []
[2019-09-05 16:31:47][DEBUG][INFO] : []
[2019-09-05 16:31:47][DEBUG][INFO] : []
[2019-09-05 16:31:47][DEBUG][INFO] : []
[2019-09-05 16:31:47][DEBUG][INFO] : []
[2019-09-05 16:31:47][DEBUG][INFO] : []
[2019-09-05 16:31:47][DEBUG][INFO] : []
[2019-09-05 16:31:47][DEBUG][INFO] : []
[2019-09-05 16:31:47][DEBUG][INFO] : []
[2019-09-05 16:31:47][DEBUG][INFO] : [1-UPDATE ln_product_skus set stock=stock-1 WHERE id='22' AND stock>='1']
[2019-09-05 16:31:47][DEBUG][INFO] : []
[2019-09-05 16:31:47][DEBUG][INFO] : []
[2019-09-05 16:31:47][DEBUG][INFO] : []
[2019-09-05 16:31:47][DEBUG][INFO] : []
[2019-09-05 16:31:47][DEBUG][INFO] : []
[2019-09-05 16:31:47][DEBUG][INFO] : []
[2019-09-05 16:31:47][DEBUG][INFO] : []
[2019-09-05 16:31:47][DEBUG][INFO] : []
[2019-09-05 16:31:47][DEBUG][INFO] : []
[2019-09-05 16:31:47][DEBUG][INFO] : []
[2019-09-05 16:31:47][DEBUG][INFO] : []
[2019-09-05 16:31:47][DEBUG][INFO] : []
[2019-09-05 16:31:47][DEBUG][INFO] : []
[2019-09-05 16:31:47][DEBUG][INFO] : []
[2019-09-05 16:31:47][DEBUG][INFO] : []
[2019-09-05 16:31:47][DEBUG][INFO] : []
[2019-09-05 16:31:47][DEBUG][INFO] : []
[2019-09-05 16:31:47][DEBUG][INFO] : []
[2019-09-05 16:31:47][DEBUG][INFO] : []
[2019-09-05 16:31:47][DEBUG][INFO] : []
[2019-09-05 16:31:47][DEBUG][INFO] : []
[2019-09-05 16:31:47][DEBUG][INFO] : []
[2019-09-05 16:31:47][DEBUG][INFO] : []
[2019-09-05 16:31:47][DEBUG][INFO] : []
[2019-09-05 16:31:47][DEBUG][INFO] : []
[2019-09-05 16:31:47][DEBUG][INFO] : []
[2019-09-05 16:31:47][DEBUG][INFO] : []
[2019-09-05 16:31:47][DEBUG][INFO] : [177]
[2019-09-05 16:31:47][DEBUG][INFO] : []
[2019-09-05 16:31:47][DEBUG][INFO] : []
[2019-09-05 16:31:47][DEBUG][INFO] : []
[2019-09-05 16:31:47][DEBUG][INFO] : []
[2019-09-05 16:31:47][DEBUG][INFO] : [1-UPDATE ln_product_skus set stock=stock-1 WHERE id='22' AND stock>='1']
[2019-09-05 16:31:47][DEBUG][INFO] : []
[2019-09-05 16:31:47][DEBUG][INFO] : []
[2019-09-05 16:31:47][DEBUG][INFO] : [176]
[2019-09-05 16:31:47][DEBUG][INFO] : []
[2019-09-05 16:31:47][DEBUG][INFO] : []
[2019-09-05 16:31:47][DEBUG][INFO] : []
[2019-09-05 16:31:47][DEBUG][INFO] : []
[2019-09-05 16:31:47][DEBUG][INFO] : [1-UPDATE ln_product_skus set stock=stock-1 WHERE id='22' AND stock>='1']
[2019-09-05 16:31:47][DEBUG][INFO] : []
[2019-09-05 16:31:47][DEBUG][INFO] : []
[2019-09-05 16:31:47][DEBUG][INFO] : []
[2019-09-05 16:31:47][DEBUG][INFO] : []
[2019-09-05 16:31:47][DEBUG][INFO] : [175]
[2019-09-05 16:31:47][DEBUG][INFO] : []
[2019-09-05 16:31:47][DEBUG][INFO] : []
[2019-09-05 16:31:47][DEBUG][INFO] : []
[2019-09-05 16:31:47][DEBUG][INFO] : []
[2019-09-05 16:31:47][DEBUG][INFO] : []
[2019-09-05 16:31:47][DEBUG][INFO] : []
[2019-09-05 16:31:47][DEBUG][INFO] : []
[2019-09-05 16:31:47][DEBUG][INFO] : []
[2019-09-05 16:31:47][DEBUG][INFO] : []
[2019-09-05 16:31:47][DEBUG][INFO] : []
[2019-09-05 16:31:47][DEBUG][INFO] : []
[2019-09-05 16:31:47][DEBUG][INFO] : []
[2019-09-05 16:31:47][DEBUG][INFO] : []
[2019-09-05 16:31:47][DEBUG][INFO] : []
[2019-09-05 16:31:47][DEBUG][INFO] : []
[2019-09-05 16:31:47][DEBUG][INFO] : []
[2019-09-05 16:31:47][DEBUG][INFO] : []
[2019-09-05 16:31:47][DEBUG][INFO] : []
[2019-09-05 16:31:47][DEBUG][INFO] : []
[2019-09-05 16:31:47][DEBUG][INFO] : []
[2019-09-05 16:31:47][DEBUG][INFO] : [1-UPDATE ln_product_skus set stock=stock-1 WHERE id='22' AND stock>='1']
[2019-09-05 16:31:47][DEBUG][INFO] : []
[2019-09-05 16:31:47][DEBUG][INFO] : []
[2019-09-05 16:31:47][DEBUG][INFO] : []
[2019-09-05 16:31:47][DEBUG][INFO] : []
[2019-09-05 16:31:47][DEBUG][INFO] : []
[2019-09-05 16:31:47][DEBUG][INFO] : []
[2019-09-05 16:31:47][DEBUG][INFO] : [174]
[2019-09-05 16:31:47][DEBUG][INFO] : []
[2019-09-05 16:31:47][DEBUG][INFO] : []
[2019-09-05 16:31:47][DEBUG][INFO] : []
[2019-09-05 16:31:47][DEBUG][INFO] : []
[2019-09-05 16:31:47][DEBUG][INFO] : []
[2019-09-05 16:31:47][DEBUG][INFO] : []
[2019-09-05 16:31:47][DEBUG][INFO] : []
[2019-09-05 16:31:47][DEBUG][INFO] : []
[2019-09-05 16:31:47][DEBUG][INFO] : [1-UPDATE ln_product_skus set stock=stock-1 WHERE id='22' AND stock>='1']
[2019-09-05 16:31:47][DEBUG][INFO] : [173]
[2019-09-05 16:31:47][DEBUG][INFO] : []
[2019-09-05 16:31:47][DEBUG][INFO] : [1-UPDATE ln_product_skus set stock=stock-1 WHERE id='22' AND stock>='1']
[2019-09-05 16:31:47][DEBUG][INFO] : [172]
[2019-09-05 16:31:47][DEBUG][INFO] : [1-UPDATE ln_product_skus set stock=stock-1 WHERE id='22' AND stock>='1']
